<?xml version="1.0" encoding="UTF-8"?>
<!-- Generated by org.testng.reporters.JUnitReportReporter -->
<testsuite hostname="Georgis-iMac.local" name="MarketPlaceTests.MarketPlaceTaxesTests" tests="3" failures="0" timestamp="15 Jul 2016 09:54:58 GMT" time="2693.205" errors="0">
  <testcase name="MarketPlaceSubscriptionOrder" time="2679.834" classname="MarketPlaceTests.MarketPlaceTaxesTests"/>
  <testcase name="LogOut" time="1.544" classname="MarketPlaceTests.MarketPlaceTaxesTests"/>
  <testcase name="Login" time="11.827" classname="MarketPlaceTests.MarketPlaceTaxesTests"/>
</testsuite> <!-- MarketPlaceTests.MarketPlaceTaxesTests -->
